{"/Users/luizschons/Documents/utfpr/pdm-2/ping-push/App.tsx": {"path":"/Users/luizschons/Documents/utfpr/pdm-2/ping-push/App.tsx","statementMap":{"0":{"start":{"line":5,"column":2},"end":{"line":5,"column":19}}},"fnMap":{"0":{"name":"App","decl":{"start":{"line":4,"column":24},"end":{"line":4,"column":27}},"loc":{"start":{"line":4,"column":30},"end":{"line":6,"column":1}},"line":4}},"branchMap":{},"s":{"0":0},"f":{"0":0},"b":{}}
,"/Users/luizschons/Documents/utfpr/pdm-2/ping-push/app.d.ts": {"path":"/Users/luizschons/Documents/utfpr/pdm-2/ping-push/app.d.ts","statementMap":{},"fnMap":{},"branchMap":{},"s":{},"f":{},"b":{}}
,"/Users/luizschons/Documents/utfpr/pdm-2/ping-push/index.ts": {"path":"/Users/luizschons/Documents/utfpr/pdm-2/ping-push/index.ts","statementMap":{"0":{"start":{"line":8,"column":0},"end":{"line":8,"column":27}}},"fnMap":{},"branchMap":{},"s":{"0":0},"f":{},"b":{}}
,"/Users/luizschons/Documents/utfpr/pdm-2/ping-push/jest.config.js": {"path":"/Users/luizschons/Documents/utfpr/pdm-2/ping-push/jest.config.js","statementMap":{"0":{"start":{"line":1,"column":0},"end":{"line":19,"column":2}}},"fnMap":{},"branchMap":{},"s":{"0":0},"f":{},"b":{}}
,"/Users/luizschons/Documents/utfpr/pdm-2/ping-push/postcss.config.js": {"path":"/Users/luizschons/Documents/utfpr/pdm-2/ping-push/postcss.config.js","statementMap":{"0":{"start":{"line":1,"column":0},"end":{"line":3,"column":2}}},"fnMap":{},"branchMap":{},"s":{"0":0},"f":{},"b":{}}
,"/Users/luizschons/Documents/utfpr/pdm-2/ping-push/tailwind.config.js": {"path":"/Users/luizschons/Documents/utfpr/pdm-2/ping-push/tailwind.config.js","statementMap":{"0":{"start":{"line":2,"column":0},"end":{"line":20,"column":1}}},"fnMap":{},"branchMap":{},"s":{"0":0},"f":{},"b":{}}
,"/Users/luizschons/Documents/utfpr/pdm-2/ping-push/app/_layout.tsx": {"path":"/Users/luizschons/Documents/utfpr/pdm-2/ping-push/app/_layout.tsx","statementMap":{"0":{"start":{"line":5,"column":24},"end":{"line":7,"column":4}},"1":{"start":{"line":9,"column":2},"end":{"line":11,"column":3}},"2":{"start":{"line":10,"column":4},"end":{"line":10,"column":16}},"3":{"start":{"line":13,"column":2},"end":{"line":66,"column":4}}},"fnMap":{"0":{"name":"RootLayout","decl":{"start":{"line":4,"column":24},"end":{"line":4,"column":34}},"loc":{"start":{"line":4,"column":37},"end":{"line":67,"column":1}},"line":4}},"branchMap":{"0":{"loc":{"start":{"line":9,"column":2},"end":{"line":11,"column":3}},"type":"if","locations":[{"start":{"line":9,"column":2},"end":{"line":11,"column":3}},{"start":{},"end":{}}],"line":9}},"s":{"0":0,"1":0,"2":0,"3":0},"f":{"0":0},"b":{"0":[0,0]}}
,"/Users/luizschons/Documents/utfpr/pdm-2/ping-push/app/create-account.tsx": {"path":"/Users/luizschons/Documents/utfpr/pdm-2/ping-push/app/create-account.tsx","statementMap":{},"fnMap":{},"branchMap":{},"s":{},"f":{},"b":{}}
,"/Users/luizschons/Documents/utfpr/pdm-2/ping-push/app/create-topic.tsx": {"path":"/Users/luizschons/Documents/utfpr/pdm-2/ping-push/app/create-topic.tsx","statementMap":{},"fnMap":{},"branchMap":{},"s":{},"f":{},"b":{}}
,"/Users/luizschons/Documents/utfpr/pdm-2/ping-push/app/home.tsx": {"path":"/Users/luizschons/Documents/utfpr/pdm-2/ping-push/app/home.tsx","statementMap":{},"fnMap":{},"branchMap":{},"s":{},"f":{},"b":{}}
,"/Users/luizschons/Documents/utfpr/pdm-2/ping-push/app/index.tsx": {"path":"/Users/luizschons/Documents/utfpr/pdm-2/ping-push/app/index.tsx","statementMap":{"0":{"start":{"line":4,"column":2},"end":{"line":4,"column":36}}},"fnMap":{"0":{"name":"Index","decl":{"start":{"line":3,"column":24},"end":{"line":3,"column":29}},"loc":{"start":{"line":3,"column":32},"end":{"line":5,"column":1}},"line":3}},"branchMap":{},"s":{"0":0},"f":{"0":0},"b":{}}
,"/Users/luizschons/Documents/utfpr/pdm-2/ping-push/app/info-topic.tsx": {"path":"/Users/luizschons/Documents/utfpr/pdm-2/ping-push/app/info-topic.tsx","statementMap":{},"fnMap":{},"branchMap":{},"s":{},"f":{},"b":{}}
,"/Users/luizschons/Documents/utfpr/pdm-2/ping-push/app/login.tsx": {"path":"/Users/luizschons/Documents/utfpr/pdm-2/ping-push/app/login.tsx","statementMap":{},"fnMap":{},"branchMap":{},"s":{},"f":{},"b":{}}
,"/Users/luizschons/Documents/utfpr/pdm-2/ping-push/src/config/firebase.example.ts": {"path":"/Users/luizschons/Documents/utfpr/pdm-2/ping-push/src/config/firebase.example.ts","statementMap":{"0":{"start":{"line":5,"column":23},"end":{"line":13,"column":1}},"1":{"start":{"line":16,"column":12},"end":{"line":16,"column":41}},"2":{"start":{"line":19,"column":18},"end":{"line":19,"column":35}},"3":{"start":{"line":22,"column":20},"end":{"line":22,"column":32}}},"fnMap":{},"branchMap":{},"s":{"0":0,"1":0,"2":0,"3":0},"f":{},"b":{}}
,"/Users/luizschons/Documents/utfpr/pdm-2/ping-push/src/config/firebase.ts": {"path":"/Users/luizschons/Documents/utfpr/pdm-2/ping-push/src/config/firebase.ts","statementMap":{"0":{"start":{"line":5,"column":23},"end":{"line":13,"column":1}},"1":{"start":{"line":16,"column":12},"end":{"line":16,"column":41}},"2":{"start":{"line":18,"column":18},"end":{"line":18,"column":35}},"3":{"start":{"line":20,"column":20},"end":{"line":20,"column":32}}},"fnMap":{},"branchMap":{},"s":{"0":0,"1":0,"2":0,"3":0},"f":{},"b":{}}
,"/Users/luizschons/Documents/utfpr/pdm-2/ping-push/src/config/firestore.ts": {"path":"/Users/luizschons/Documents/utfpr/pdm-2/ping-push/src/config/firestore.ts","statementMap":{"0":{"start":{"line":5,"column":47},"end":{"line":16,"column":1}},"1":{"start":{"line":6,"column":14},"end":{"line":6,"column":22}},"2":{"start":{"line":9,"column":2},"end":{"line":13,"column":5}},"3":{"start":{"line":15,"column":2},"end":{"line":15,"column":27}}},"fnMap":{"0":{"name":"(anonymous_0)","decl":{"start":{"line":5,"column":47},"end":{"line":5,"column":48}},"loc":{"start":{"line":5,"column":53},"end":{"line":16,"column":1}},"line":5}},"branchMap":{},"s":{"0":0,"1":0,"2":0,"3":0},"f":{"0":0},"b":{}}
,"/Users/luizschons/Documents/utfpr/pdm-2/ping-push/src/screens/CreateAcountScreen.tsx": {"path":"/Users/luizschons/Documents/utfpr/pdm-2/ping-push/src/screens/CreateAcountScreen.tsx","statementMap":{"0":{"start":{"line":17,"column":28},"end":{"line":17,"column":40}},"1":{"start":{"line":18,"column":34},"end":{"line":18,"column":46}},"2":{"start":{"line":19,"column":48},"end":{"line":19,"column":60}},"3":{"start":{"line":21,"column":24},"end":{"line":23,"column":4}},"4":{"start":{"line":25,"column":2},"end":{"line":27,"column":3}},"5":{"start":{"line":26,"column":4},"end":{"line":26,"column":16}},"6":{"start":{"line":29,"column":30},"end":{"line":46,"column":3}},"7":{"start":{"line":30,"column":4},"end":{"line":45,"column":5}},"8":{"start":{"line":31,"column":6},"end":{"line":34,"column":7}},"9":{"start":{"line":32,"column":8},"end":{"line":32,"column":58}},"10":{"start":{"line":33,"column":8},"end":{"line":33,"column":15}},"11":{"start":{"line":35,"column":6},"end":{"line":38,"column":7}},"12":{"start":{"line":36,"column":8},"end":{"line":36,"column":55}},"13":{"start":{"line":37,"column":8},"end":{"line":37,"column":15}},"14":{"start":{"line":40,"column":6},"end":{"line":40,"column":48}},"15":{"start":{"line":41,"column":6},"end":{"line":41,"column":61}},"16":{"start":{"line":42,"column":6},"end":{"line":42,"column":31}},"17":{"start":{"line":44,"column":6},"end":{"line":44,"column":80}},"18":{"start":{"line":48,"column":2},"end":{"line":101,"column":4}},"19":{"start":{"line":104,"column":15},"end":{"line":159,"column":2}}},"fnMap":{"0":{"name":"CreateAccountScreen","decl":{"start":{"line":16,"column":24},"end":{"line":16,"column":43}},"loc":{"start":{"line":16,"column":46},"end":{"line":102,"column":1}},"line":16},"1":{"name":"(anonymous_1)","decl":{"start":{"line":29,"column":30},"end":{"line":29,"column":31}},"loc":{"start":{"line":29,"column":42},"end":{"line":46,"column":3}},"line":29}},"branchMap":{"0":{"loc":{"start":{"line":25,"column":2},"end":{"line":27,"column":3}},"type":"if","locations":[{"start":{"line":25,"column":2},"end":{"line":27,"column":3}},{"start":{},"end":{}}],"line":25},"1":{"loc":{"start":{"line":31,"column":6},"end":{"line":34,"column":7}},"type":"if","locations":[{"start":{"line":31,"column":6},"end":{"line":34,"column":7}},{"start":{},"end":{}}],"line":31},"2":{"loc":{"start":{"line":31,"column":10},"end":{"line":31,"column":49}},"type":"binary-expr","locations":[{"start":{"line":31,"column":10},"end":{"line":31,"column":16}},{"start":{"line":31,"column":20},"end":{"line":31,"column":29}},{"start":{"line":31,"column":33},"end":{"line":31,"column":49}}],"line":31},"3":{"loc":{"start":{"line":35,"column":6},"end":{"line":38,"column":7}},"type":"if","locations":[{"start":{"line":35,"column":6},"end":{"line":38,"column":7}},{"start":{},"end":{}}],"line":35},"4":{"loc":{"start":{"line":44,"column":27},"end":{"line":44,"column":78}},"type":"binary-expr","locations":[{"start":{"line":44,"column":27},"end":{"line":44,"column":40}},{"start":{"line":44,"column":44},"end":{"line":44,"column":78}}],"line":44},"5":{"loc":{"start":{"line":50,"column":16},"end":{"line":50,"column":60}},"type":"cond-expr","locations":[{"start":{"line":50,"column":40},"end":{"line":50,"column":49}},{"start":{"line":50,"column":52},"end":{"line":50,"column":60}}],"line":50}},"s":{"0":0,"1":0,"2":0,"3":0,"4":0,"5":0,"6":0,"7":0,"8":0,"9":0,"10":0,"11":0,"12":0,"13":0,"14":0,"15":0,"16":0,"17":0,"18":0,"19":0},"f":{"0":0,"1":0},"b":{"0":[0,0],"1":[0,0],"2":[0,0,0],"3":[0,0],"4":[0,0],"5":[0,0]}}
,"/Users/luizschons/Documents/utfpr/pdm-2/ping-push/src/screens/CreateTopicScreen.tsx": {"path":"/Users/luizschons/Documents/utfpr/pdm-2/ping-push/src/screens/CreateTopicScreen.tsx","statementMap":{"0":{"start":{"line":17,"column":36},"end":{"line":17,"column":48}},"1":{"start":{"line":18,"column":36},"end":{"line":18,"column":51}},"2":{"start":{"line":21,"column":24},"end":{"line":23,"column":4}},"3":{"start":{"line":25,"column":28},"end":{"line":50,"column":3}},"4":{"start":{"line":26,"column":4},"end":{"line":29,"column":5}},"5":{"start":{"line":27,"column":6},"end":{"line":27,"column":56}},"6":{"start":{"line":28,"column":6},"end":{"line":28,"column":13}},"7":{"start":{"line":31,"column":4},"end":{"line":49,"column":5}},"8":{"start":{"line":32,"column":6},"end":{"line":32,"column":25}},"9":{"start":{"line":33,"column":23},"end":{"line":36,"column":7}},"10":{"start":{"line":38,"column":22},"end":{"line":38,"column":60}},"11":{"start":{"line":39,"column":6},"end":{"line":43,"column":7}},"12":{"start":{"line":40,"column":8},"end":{"line":40,"column":32}},"13":{"start":{"line":42,"column":8},"end":{"line":42,"column":55}},"14":{"start":{"line":45,"column":6},"end":{"line":45,"column":52}},"15":{"start":{"line":46,"column":6},"end":{"line":46,"column":53}},"16":{"start":{"line":48,"column":6},"end":{"line":48,"column":26}},"17":{"start":{"line":52,"column":2},"end":{"line":54,"column":3}},"18":{"start":{"line":53,"column":4},"end":{"line":53,"column":16}},"19":{"start":{"line":56,"column":2},"end":{"line":94,"column":4}},"20":{"start":{"line":88,"column":25},"end":{"line":88,"column":38}},"21":{"start":{"line":97,"column":15},"end":{"line":164,"column":2}}},"fnMap":{"0":{"name":"CreateTopicScreen","decl":{"start":{"line":16,"column":24},"end":{"line":16,"column":41}},"loc":{"start":{"line":16,"column":44},"end":{"line":95,"column":1}},"line":16},"1":{"name":"(anonymous_1)","decl":{"start":{"line":25,"column":28},"end":{"line":25,"column":29}},"loc":{"start":{"line":25,"column":40},"end":{"line":50,"column":3}},"line":25},"2":{"name":"(anonymous_2)","decl":{"start":{"line":88,"column":19},"end":{"line":88,"column":20}},"loc":{"start":{"line":88,"column":25},"end":{"line":88,"column":38}},"line":88}},"branchMap":{"0":{"loc":{"start":{"line":26,"column":4},"end":{"line":29,"column":5}},"type":"if","locations":[{"start":{"line":26,"column":4},"end":{"line":29,"column":5}},{"start":{},"end":{}}],"line":26},"1":{"loc":{"start":{"line":26,"column":8},"end":{"line":26,"column":38}},"type":"binary-expr","locations":[{"start":{"line":26,"column":8},"end":{"line":26,"column":17}},{"start":{"line":26,"column":21},"end":{"line":26,"column":38}}],"line":26},"2":{"loc":{"start":{"line":39,"column":6},"end":{"line":43,"column":7}},"type":"if","locations":[{"start":{"line":39,"column":6},"end":{"line":43,"column":7}},{"start":{"line":41,"column":13},"end":{"line":43,"column":7}}],"line":39},"3":{"loc":{"start":{"line":52,"column":2},"end":{"line":54,"column":3}},"type":"if","locations":[{"start":{"line":52,"column":2},"end":{"line":54,"column":3}},{"start":{},"end":{}}],"line":52},"4":{"loc":{"start":{"line":75,"column":39},"end":{"line":75,"column":79}},"type":"binary-expr","locations":[{"start":{"line":75,"column":39},"end":{"line":75,"column":48}},{"start":{"line":75,"column":52},"end":{"line":75,"column":79}}],"line":75},"5":{"loc":{"start":{"line":79,"column":11},"end":{"line":83,"column":11}},"type":"cond-expr","locations":[{"start":{"line":80,"column":12},"end":{"line":80,"column":49}},{"start":{"line":82,"column":12},"end":{"line":82,"column":63}}],"line":79}},"s":{"0":0,"1":0,"2":0,"3":0,"4":0,"5":0,"6":0,"7":0,"8":0,"9":0,"10":0,"11":0,"12":0,"13":0,"14":0,"15":0,"16":0,"17":0,"18":0,"19":0,"20":0,"21":0},"f":{"0":0,"1":0,"2":0},"b":{"0":[0,0],"1":[0,0],"2":[0,0],"3":[0,0],"4":[0,0],"5":[0,0]}}
,"/Users/luizschons/Documents/utfpr/pdm-2/ping-push/src/screens/HomeScreen.tsx": {"path":"/Users/luizschons/Documents/utfpr/pdm-2/ping-push/src/screens/HomeScreen.tsx","statementMap":{"0":{"start":{"line":21,"column":30},"end":{"line":21,"column":51}},"1":{"start":{"line":22,"column":32},"end":{"line":22,"column":46}},"2":{"start":{"line":23,"column":24},"end":{"line":25,"column":4}},"3":{"start":{"line":27,"column":2},"end":{"line":36,"column":9}},"4":{"start":{"line":28,"column":30},"end":{"line":31,"column":6}},"5":{"start":{"line":29,"column":6},"end":{"line":29,"column":31}},"6":{"start":{"line":30,"column":6},"end":{"line":30,"column":24}},"7":{"start":{"line":33,"column":4},"end":{"line":35,"column":6}},"8":{"start":{"line":34,"column":6},"end":{"line":34,"column":26}},"9":{"start":{"line":40,"column":2},"end":{"line":42,"column":3}},"10":{"start":{"line":41,"column":4},"end":{"line":41,"column":16}},"11":{"start":{"line":44,"column":24},"end":{"line":75,"column":3}},"12":{"start":{"line":45,"column":4},"end":{"line":54,"column":5}},"13":{"start":{"line":46,"column":6},"end":{"line":53,"column":8}},"14":{"start":{"line":56,"column":4},"end":{"line":64,"column":5}},"15":{"start":{"line":57,"column":6},"end":{"line":63,"column":8}},"16":{"start":{"line":66,"column":4},"end":{"line":74,"column":6}},"17":{"start":{"line":70,"column":32},"end":{"line":70,"column":39}},"18":{"start":{"line":77,"column":26},"end":{"line":85,"column":3}},"19":{"start":{"line":78,"column":4},"end":{"line":84,"column":23}},"20":{"start":{"line":80,"column":21},"end":{"line":80,"column":66}},"21":{"start":{"line":87,"column":2},"end":{"line":103,"column":4}},"22":{"start":{"line":98,"column":23},"end":{"line":98,"column":51}},"23":{"start":{"line":106,"column":15},"end":{"line":190,"column":2}}},"fnMap":{"0":{"name":"HomeScreen","decl":{"start":{"line":19,"column":24},"end":{"line":19,"column":34}},"loc":{"start":{"line":19,"column":37},"end":{"line":104,"column":1}},"line":19},"1":{"name":"(anonymous_1)","decl":{"start":{"line":27,"column":12},"end":{"line":27,"column":13}},"loc":{"start":{"line":27,"column":18},"end":{"line":36,"column":3}},"line":27},"2":{"name":"(anonymous_2)","decl":{"start":{"line":28,"column":62},"end":{"line":28,"column":63}},"loc":{"start":{"line":28,"column":81},"end":{"line":31,"column":5}},"line":28},"3":{"name":"(anonymous_3)","decl":{"start":{"line":33,"column":11},"end":{"line":33,"column":12}},"loc":{"start":{"line":33,"column":17},"end":{"line":35,"column":5}},"line":33},"4":{"name":"(anonymous_4)","decl":{"start":{"line":44,"column":24},"end":{"line":44,"column":25}},"loc":{"start":{"line":44,"column":30},"end":{"line":75,"column":3}},"line":44},"5":{"name":"(anonymous_5)","decl":{"start":{"line":70,"column":22},"end":{"line":70,"column":23}},"loc":{"start":{"line":70,"column":32},"end":{"line":70,"column":39}},"line":70},"6":{"name":"(anonymous_6)","decl":{"start":{"line":77,"column":26},"end":{"line":77,"column":27}},"loc":{"start":{"line":78,"column":4},"end":{"line":84,"column":23}},"line":78},"7":{"name":"(anonymous_7)","decl":{"start":{"line":80,"column":15},"end":{"line":80,"column":16}},"loc":{"start":{"line":80,"column":21},"end":{"line":80,"column":66}},"line":80},"8":{"name":"(anonymous_8)","decl":{"start":{"line":98,"column":17},"end":{"line":98,"column":18}},"loc":{"start":{"line":98,"column":23},"end":{"line":98,"column":51}},"line":98}},"branchMap":{"0":{"loc":{"start":{"line":40,"column":2},"end":{"line":42,"column":3}},"type":"if","locations":[{"start":{"line":40,"column":2},"end":{"line":42,"column":3}},{"start":{},"end":{}}],"line":40},"1":{"loc":{"start":{"line":45,"column":4},"end":{"line":54,"column":5}},"type":"if","locations":[{"start":{"line":45,"column":4},"end":{"line":54,"column":5}},{"start":{},"end":{}}],"line":45},"2":{"loc":{"start":{"line":56,"column":4},"end":{"line":64,"column":5}},"type":"if","locations":[{"start":{"line":56,"column":4},"end":{"line":64,"column":5}},{"start":{},"end":{}}],"line":56}},"s":{"0":0,"1":0,"2":0,"3":0,"4":0,"5":0,"6":0,"7":0,"8":0,"9":0,"10":0,"11":0,"12":0,"13":0,"14":0,"15":0,"16":0,"17":0,"18":0,"19":0,"20":0,"21":0,"22":0,"23":0},"f":{"0":0,"1":0,"2":0,"3":0,"4":0,"5":0,"6":0,"7":0,"8":0},"b":{"0":[0,0],"1":[0,0],"2":[0,0]}}
,"/Users/luizschons/Documents/utfpr/pdm-2/ping-push/src/screens/InfoTopicScreen.tsx": {"path":"/Users/luizschons/Documents/utfpr/pdm-2/ping-push/src/screens/InfoTopicScreen.tsx","statementMap":{"0":{"start":{"line":18,"column":28},"end":{"line":18,"column":56}},"1":{"start":{"line":19,"column":38},"end":{"line":19,"column":53}},"2":{"start":{"line":20,"column":52},"end":{"line":20,"column":64}},"3":{"start":{"line":21,"column":36},"end":{"line":21,"column":50}},"4":{"start":{"line":22,"column":38},"end":{"line":22,"column":53}},"5":{"start":{"line":23,"column":22},"end":{"line":23,"column":65}},"6":{"start":{"line":25,"column":24},"end":{"line":27,"column":4}},"7":{"start":{"line":29,"column":2},"end":{"line":48,"column":16}},"8":{"start":{"line":30,"column":30},"end":{"line":43,"column":6}},"9":{"start":{"line":32,"column":6},"end":{"line":41,"column":7}},"10":{"start":{"line":33,"column":27},"end":{"line":33,"column":61}},"11":{"start":{"line":33,"column":44},"end":{"line":33,"column":60}},"12":{"start":{"line":34,"column":8},"end":{"line":40,"column":9}},"13":{"start":{"line":35,"column":10},"end":{"line":35,"column":31}},"14":{"start":{"line":36,"column":28},"end":{"line":36,"column":116}},"15":{"start":{"line":37,"column":10},"end":{"line":37,"column":66}},"16":{"start":{"line":39,"column":10},"end":{"line":39,"column":25}},"17":{"start":{"line":42,"column":6},"end":{"line":42,"column":26}},"18":{"start":{"line":45,"column":4},"end":{"line":47,"column":6}},"19":{"start":{"line":46,"column":6},"end":{"line":46,"column":26}},"20":{"start":{"line":50,"column":2},"end":{"line":55,"column":14}},"21":{"start":{"line":51,"column":4},"end":{"line":54,"column":5}},"22":{"start":{"line":52,"column":24},"end":{"line":52,"column":102}},"23":{"start":{"line":53,"column":6},"end":{"line":53,"column":57}},"24":{"start":{"line":57,"column":26},"end":{"line":60,"column":3}},"25":{"start":{"line":58,"column":4},"end":{"line":58,"column":24}},"26":{"start":{"line":59,"column":4},"end":{"line":59,"column":72}},"27":{"start":{"line":62,"column":23},"end":{"line":90,"column":3}},"28":{"start":{"line":63,"column":4},"end":{"line":89,"column":6}},"29":{"start":{"line":75,"column":12},"end":{"line":85,"column":13}},"30":{"start":{"line":76,"column":14},"end":{"line":84,"column":15}},"31":{"start":{"line":77,"column":16},"end":{"line":77,"column":36}},"32":{"start":{"line":78,"column":16},"end":{"line":78,"column":58}},"33":{"start":{"line":79,"column":16},"end":{"line":79,"column":30}},"34":{"start":{"line":81,"column":16},"end":{"line":81,"column":82}},"35":{"start":{"line":83,"column":16},"end":{"line":83,"column":37}},"36":{"start":{"line":92,"column":26},"end":{"line":95,"column":3}},"37":{"start":{"line":93,"column":4},"end":{"line":93,"column":43}},"38":{"start":{"line":94,"column":4},"end":{"line":94,"column":57}},"39":{"start":{"line":97,"column":2},"end":{"line":99,"column":3}},"40":{"start":{"line":98,"column":4},"end":{"line":98,"column":16}},"41":{"start":{"line":101,"column":2},"end":{"line":110,"column":3}},"42":{"start":{"line":102,"column":4},"end":{"line":109,"column":6}},"43":{"start":{"line":112,"column":2},"end":{"line":128,"column":3}},"44":{"start":{"line":113,"column":4},"end":{"line":127,"column":6}},"45":{"start":{"line":120,"column":25},"end":{"line":120,"column":38}},"46":{"start":{"line":130,"column":2},"end":{"line":175,"column":4}},"47":{"start":{"line":161,"column":25},"end":{"line":161,"column":38}},"48":{"start":{"line":178,"column":15},"end":{"line":313,"column":2}}},"fnMap":{"0":{"name":"InfoTopicScreen","decl":{"start":{"line":17,"column":24},"end":{"line":17,"column":39}},"loc":{"start":{"line":17,"column":42},"end":{"line":176,"column":1}},"line":17},"1":{"name":"(anonymous_1)","decl":{"start":{"line":29,"column":12},"end":{"line":29,"column":13}},"loc":{"start":{"line":29,"column":18},"end":{"line":48,"column":3}},"line":29},"2":{"name":"(anonymous_2)","decl":{"start":{"line":30,"column":62},"end":{"line":30,"column":63}},"loc":{"start":{"line":30,"column":74},"end":{"line":43,"column":5}},"line":30},"3":{"name":"(anonymous_3)","decl":{"start":{"line":33,"column":39},"end":{"line":33,"column":40}},"loc":{"start":{"line":33,"column":44},"end":{"line":33,"column":60}},"line":33},"4":{"name":"(anonymous_4)","decl":{"start":{"line":45,"column":11},"end":{"line":45,"column":12}},"loc":{"start":{"line":45,"column":17},"end":{"line":47,"column":5}},"line":45},"5":{"name":"(anonymous_5)","decl":{"start":{"line":50,"column":12},"end":{"line":50,"column":13}},"loc":{"start":{"line":50,"column":18},"end":{"line":55,"column":3}},"line":50},"6":{"name":"(anonymous_6)","decl":{"start":{"line":57,"column":26},"end":{"line":57,"column":27}},"loc":{"start":{"line":57,"column":32},"end":{"line":60,"column":3}},"line":57},"7":{"name":"(anonymous_7)","decl":{"start":{"line":62,"column":23},"end":{"line":62,"column":24}},"loc":{"start":{"line":62,"column":35},"end":{"line":90,"column":3}},"line":62},"8":{"name":"(anonymous_8)","decl":{"start":{"line":74,"column":19},"end":{"line":74,"column":20}},"loc":{"start":{"line":74,"column":31},"end":{"line":86,"column":11}},"line":74},"9":{"name":"(anonymous_9)","decl":{"start":{"line":92,"column":26},"end":{"line":92,"column":27}},"loc":{"start":{"line":92,"column":32},"end":{"line":95,"column":3}},"line":92},"10":{"name":"(anonymous_10)","decl":{"start":{"line":120,"column":19},"end":{"line":120,"column":20}},"loc":{"start":{"line":120,"column":25},"end":{"line":120,"column":38}},"line":120},"11":{"name":"(anonymous_11)","decl":{"start":{"line":161,"column":19},"end":{"line":161,"column":20}},"loc":{"start":{"line":161,"column":25},"end":{"line":161,"column":38}},"line":161}},"branchMap":{"0":{"loc":{"start":{"line":32,"column":6},"end":{"line":41,"column":7}},"type":"if","locations":[{"start":{"line":32,"column":6},"end":{"line":41,"column":7}},{"start":{},"end":{}}],"line":32},"1":{"loc":{"start":{"line":34,"column":8},"end":{"line":40,"column":9}},"type":"if","locations":[{"start":{"line":34,"column":8},"end":{"line":40,"column":9}},{"start":{"line":38,"column":15},"end":{"line":40,"column":9}}],"line":34},"2":{"loc":{"start":{"line":36,"column":28},"end":{"line":36,"column":116}},"type":"cond-expr","locations":[{"start":{"line":36,"column":72},"end":{"line":36,"column":103}},{"start":{"line":36,"column":106},"end":{"line":36,"column":116}}],"line":36},"3":{"loc":{"start":{"line":51,"column":4},"end":{"line":54,"column":5}},"type":"if","locations":[{"start":{"line":51,"column":4},"end":{"line":54,"column":5}},{"start":{},"end":{}}],"line":51},"4":{"loc":{"start":{"line":52,"column":24},"end":{"line":52,"column":102}},"type":"cond-expr","locations":[{"start":{"line":52,"column":63},"end":{"line":52,"column":89}},{"start":{"line":52,"column":92},"end":{"line":52,"column":102}}],"line":52},"5":{"loc":{"start":{"line":75,"column":12},"end":{"line":85,"column":13}},"type":"if","locations":[{"start":{"line":75,"column":12},"end":{"line":85,"column":13}},{"start":{},"end":{}}],"line":75},"6":{"loc":{"start":{"line":97,"column":2},"end":{"line":99,"column":3}},"type":"if","locations":[{"start":{"line":97,"column":2},"end":{"line":99,"column":3}},{"start":{},"end":{}}],"line":97},"7":{"loc":{"start":{"line":101,"column":2},"end":{"line":110,"column":3}},"type":"if","locations":[{"start":{"line":101,"column":2},"end":{"line":110,"column":3}},{"start":{},"end":{}}],"line":101},"8":{"loc":{"start":{"line":112,"column":2},"end":{"line":128,"column":3}},"type":"if","locations":[{"start":{"line":112,"column":2},"end":{"line":128,"column":3}},{"start":{},"end":{}}],"line":112},"9":{"loc":{"start":{"line":143,"column":12},"end":{"line":143,"column":103}},"type":"cond-expr","locations":[{"start":{"line":143,"column":51},"end":{"line":143,"column":75}},{"start":{"line":143,"column":78},"end":{"line":143,"column":103}}],"line":143},"10":{"loc":{"start":{"line":146,"column":9},"end":{"line":158,"column":9}},"type":"cond-expr","locations":[{"start":{"line":147,"column":10},"end":{"line":149,"column":29}},{"start":{"line":151,"column":10},"end":{"line":157,"column":17}}],"line":146}},"s":{"0":0,"1":0,"2":0,"3":0,"4":0,"5":0,"6":0,"7":0,"8":0,"9":0,"10":0,"11":0,"12":0,"13":0,"14":0,"15":0,"16":0,"17":0,"18":0,"19":0,"20":0,"21":0,"22":0,"23":0,"24":0,"25":0,"26":0,"27":0,"28":0,"29":0,"30":0,"31":0,"32":0,"33":0,"34":0,"35":0,"36":0,"37":0,"38":0,"39":0,"40":0,"41":0,"42":0,"43":0,"44":0,"45":0,"46":0,"47":0,"48":0},"f":{"0":0,"1":0,"2":0,"3":0,"4":0,"5":0,"6":0,"7":0,"8":0,"9":0,"10":0,"11":0},"b":{"0":[0,0],"1":[0,0],"2":[0,0],"3":[0,0],"4":[0,0],"5":[0,0],"6":[0,0],"7":[0,0],"8":[0,0],"9":[0,0],"10":[0,0]}}
,"/Users/luizschons/Documents/utfpr/pdm-2/ping-push/src/screens/LoginScreen.tsx": {"path":"/Users/luizschons/Documents/utfpr/pdm-2/ping-push/src/screens/LoginScreen.tsx","statementMap":{"0":{"start":{"line":15,"column":18},"end":{"line":15,"column":42}},"1":{"start":{"line":18,"column":28},"end":{"line":18,"column":40}},"2":{"start":{"line":19,"column":34},"end":{"line":19,"column":46}},"3":{"start":{"line":22,"column":24},"end":{"line":24,"column":4}},"4":{"start":{"line":26,"column":2},"end":{"line":28,"column":3}},"5":{"start":{"line":27,"column":4},"end":{"line":27,"column":16}},"6":{"start":{"line":30,"column":2},"end":{"line":82,"column":4}},"7":{"start":{"line":63,"column":12},"end":{"line":72,"column":13}},"8":{"start":{"line":64,"column":14},"end":{"line":67,"column":15}},"9":{"start":{"line":65,"column":16},"end":{"line":65,"column":66}},"10":{"start":{"line":66,"column":16},"end":{"line":66,"column":23}},"11":{"start":{"line":68,"column":14},"end":{"line":68,"column":56}},"12":{"start":{"line":69,"column":14},"end":{"line":69,"column":38}},"13":{"start":{"line":71,"column":14},"end":{"line":71,"column":86}},"14":{"start":{"line":77,"column":41},"end":{"line":77,"column":71}},"15":{"start":{"line":85,"column":15},"end":{"line":149,"column":2}}},"fnMap":{"0":{"name":"LoginScreen","decl":{"start":{"line":17,"column":24},"end":{"line":17,"column":35}},"loc":{"start":{"line":17,"column":38},"end":{"line":83,"column":1}},"line":17},"1":{"name":"(anonymous_1)","decl":{"start":{"line":62,"column":19},"end":{"line":62,"column":20}},"loc":{"start":{"line":62,"column":31},"end":{"line":73,"column":11}},"line":62},"2":{"name":"(anonymous_2)","decl":{"start":{"line":77,"column":35},"end":{"line":77,"column":36}},"loc":{"start":{"line":77,"column":41},"end":{"line":77,"column":71}},"line":77}},"branchMap":{"0":{"loc":{"start":{"line":26,"column":2},"end":{"line":28,"column":3}},"type":"if","locations":[{"start":{"line":26,"column":2},"end":{"line":28,"column":3}},{"start":{},"end":{}}],"line":26},"1":{"loc":{"start":{"line":64,"column":14},"end":{"line":67,"column":15}},"type":"if","locations":[{"start":{"line":64,"column":14},"end":{"line":67,"column":15}},{"start":{},"end":{}}],"line":64},"2":{"loc":{"start":{"line":64,"column":18},"end":{"line":64,"column":37}},"type":"binary-expr","locations":[{"start":{"line":64,"column":18},"end":{"line":64,"column":24}},{"start":{"line":64,"column":28},"end":{"line":64,"column":37}}],"line":64},"3":{"loc":{"start":{"line":71,"column":35},"end":{"line":71,"column":84}},"type":"binary-expr","locations":[{"start":{"line":71,"column":35},"end":{"line":71,"column":48}},{"start":{"line":71,"column":52},"end":{"line":71,"column":84}}],"line":71}},"s":{"0":0,"1":0,"2":0,"3":0,"4":0,"5":0,"6":0,"7":0,"8":0,"9":0,"10":0,"11":0,"12":0,"13":0,"14":0,"15":0},"f":{"0":0,"1":0,"2":0},"b":{"0":[0,0],"1":[0,0],"2":[0,0],"3":[0,0]}}
,"/Users/luizschons/Documents/utfpr/pdm-2/ping-push/src/services/auth.ts": {"path":"/Users/luizschons/Documents/utfpr/pdm-2/ping-push/src/services/auth.ts","statementMap":{"0":{"start":{"line":9,"column":27},"end":{"line":39,"column":1}},"1":{"start":{"line":11,"column":4},"end":{"line":16,"column":5}},"2":{"start":{"line":12,"column":29},"end":{"line":12,"column":88}},"3":{"start":{"line":13,"column":6},"end":{"line":13,"column":33}},"4":{"start":{"line":15,"column":6},"end":{"line":15,"column":37}},"5":{"start":{"line":20,"column":4},"end":{"line":25,"column":5}},"6":{"start":{"line":21,"column":29},"end":{"line":21,"column":84}},"7":{"start":{"line":22,"column":6},"end":{"line":22,"column":33}},"8":{"start":{"line":24,"column":6},"end":{"line":24,"column":37}},"9":{"start":{"line":29,"column":4},"end":{"line":33,"column":5}},"10":{"start":{"line":30,"column":6},"end":{"line":30,"column":26}},"11":{"start":{"line":32,"column":6},"end":{"line":32,"column":37}},"12":{"start":{"line":37,"column":4},"end":{"line":37,"column":28}}},"fnMap":{"0":{"name":"(anonymous_0)","decl":{"start":{"line":10,"column":2},"end":{"line":10,"column":3}},"loc":{"start":{"line":10,"column":63},"end":{"line":17,"column":3}},"line":10},"1":{"name":"(anonymous_1)","decl":{"start":{"line":19,"column":2},"end":{"line":19,"column":3}},"loc":{"start":{"line":19,"column":63},"end":{"line":26,"column":3}},"line":19},"2":{"name":"(anonymous_2)","decl":{"start":{"line":28,"column":2},"end":{"line":28,"column":3}},"loc":{"start":{"line":28,"column":33},"end":{"line":34,"column":3}},"line":28},"3":{"name":"(anonymous_3)","decl":{"start":{"line":36,"column":2},"end":{"line":36,"column":3}},"loc":{"start":{"line":36,"column":32},"end":{"line":38,"column":3}},"line":36}},"branchMap":{},"s":{"0":0,"1":0,"2":0,"3":0,"4":0,"5":0,"6":0,"7":0,"8":0,"9":0,"10":0,"11":0,"12":0},"f":{"0":0,"1":0,"2":0,"3":0},"b":{}}
,"/Users/luizschons/Documents/utfpr/pdm-2/ping-push/src/services/storage.ts": {"path":"/Users/luizschons/Documents/utfpr/pdm-2/ping-push/src/services/storage.ts","statementMap":{"0":{"start":{"line":3,"column":17},"end":{"line":3,"column":34}},"1":{"start":{"line":5,"column":30},"end":{"line":32,"column":1}},"2":{"start":{"line":7,"column":4},"end":{"line":12,"column":5}},"3":{"start":{"line":8,"column":6},"end":{"line":8,"column":50}},"4":{"start":{"line":10,"column":6},"end":{"line":10,"column":55}},"5":{"start":{"line":11,"column":6},"end":{"line":11,"column":18}},"6":{"start":{"line":16,"column":4},"end":{"line":21,"column":5}},"7":{"start":{"line":17,"column":6},"end":{"line":17,"column":50}},"8":{"start":{"line":19,"column":6},"end":{"line":19,"column":56}},"9":{"start":{"line":20,"column":6},"end":{"line":20,"column":18}},"10":{"start":{"line":25,"column":4},"end":{"line":30,"column":5}},"11":{"start":{"line":26,"column":6},"end":{"line":26,"column":46}},"12":{"start":{"line":28,"column":6},"end":{"line":28,"column":57}},"13":{"start":{"line":29,"column":6},"end":{"line":29,"column":18}}},"fnMap":{"0":{"name":"(anonymous_0)","decl":{"start":{"line":6,"column":2},"end":{"line":6,"column":3}},"loc":{"start":{"line":6,"column":52},"end":{"line":13,"column":3}},"line":6},"1":{"name":"(anonymous_1)","decl":{"start":{"line":15,"column":2},"end":{"line":15,"column":3}},"loc":{"start":{"line":15,"column":47},"end":{"line":22,"column":3}},"line":15},"2":{"name":"(anonymous_2)","decl":{"start":{"line":24,"column":2},"end":{"line":24,"column":3}},"loc":{"start":{"line":24,"column":40},"end":{"line":31,"column":3}},"line":24}},"branchMap":{},"s":{"0":0,"1":0,"2":0,"3":0,"4":0,"5":0,"6":0,"7":0,"8":0,"9":0,"10":0,"11":0,"12":0,"13":0},"f":{"0":0,"1":0,"2":0},"b":{}}
,"/Users/luizschons/Documents/utfpr/pdm-2/ping-push/src/services/topics.ts": {"path":"/Users/luizschons/Documents/utfpr/pdm-2/ping-push/src/services/topics.ts","statementMap":{"0":{"start":{"line":5,"column":24},"end":{"line":5,"column":32}},"1":{"start":{"line":6,"column":18},"end":{"line":6,"column":31}},"2":{"start":{"line":9,"column":28},"end":{"line":9,"column":30}},"3":{"start":{"line":10,"column":31},"end":{"line":10,"column":32}},"4":{"start":{"line":13,"column":4},"end":{"line":13,"column":60}},"5":{"start":{"line":17,"column":4},"end":{"line":17,"column":25}},"6":{"start":{"line":18,"column":4},"end":{"line":18,"column":41}},"7":{"start":{"line":22,"column":4},"end":{"line":22,"column":23}},"8":{"start":{"line":26,"column":4},"end":{"line":26,"column":42}},"9":{"start":{"line":27,"column":4},"end":{"line":27,"column":41}},"10":{"start":{"line":31,"column":4},"end":{"line":31,"column":60}},"11":{"start":{"line":31,"column":42},"end":{"line":31,"column":58}},"12":{"start":{"line":32,"column":4},"end":{"line":32,"column":41}},"13":{"start":{"line":36,"column":4},"end":{"line":36,"column":68}},"14":{"start":{"line":36,"column":42},"end":{"line":36,"column":66}},"15":{"start":{"line":37,"column":4},"end":{"line":37,"column":41}},"16":{"start":{"line":41,"column":14},"end":{"line":41,"column":31}},"17":{"start":{"line":44,"column":0},"end":{"line":50,"column":3}},"18":{"start":{"line":45,"column":2},"end":{"line":49,"column":3}},"19":{"start":{"line":46,"column":4},"end":{"line":46,"column":94}},"20":{"start":{"line":47,"column":9},"end":{"line":49,"column":3}},"21":{"start":{"line":48,"column":4},"end":{"line":48,"column":70}},"22":{"start":{"line":52,"column":29},"end":{"line":166,"column":1}},"23":{"start":{"line":54,"column":4},"end":{"line":59,"column":5}},"24":{"start":{"line":55,"column":6},"end":{"line":55,"column":31}},"25":{"start":{"line":56,"column":6},"end":{"line":56,"column":42}},"26":{"start":{"line":58,"column":6},"end":{"line":58,"column":59}},"27":{"start":{"line":63,"column":4},"end":{"line":68,"column":5}},"28":{"start":{"line":64,"column":6},"end":{"line":64,"column":30}},"29":{"start":{"line":65,"column":6},"end":{"line":65,"column":41}},"30":{"start":{"line":67,"column":6},"end":{"line":67,"column":58}},"31":{"start":{"line":72,"column":24},"end":{"line":75,"column":5}},"32":{"start":{"line":77,"column":4},"end":{"line":94,"column":7}},"33":{"start":{"line":78,"column":24},"end":{"line":78,"column":51}},"34":{"start":{"line":80,"column":6},"end":{"line":83,"column":7}},"35":{"start":{"line":81,"column":8},"end":{"line":81,"column":36}},"36":{"start":{"line":82,"column":8},"end":{"line":82,"column":15}},"37":{"start":{"line":85,"column":21},"end":{"line":88,"column":18}},"38":{"start":{"line":85,"column":86},"end":{"line":88,"column":16}},"39":{"start":{"line":90,"column":6},"end":{"line":90,"column":27}},"40":{"start":{"line":91,"column":6},"end":{"line":91,"column":34}},"41":{"start":{"line":93,"column":6},"end":{"line":93,"column":59}},"42":{"start":{"line":97,"column":4},"end":{"line":114,"column":5}},"43":{"start":{"line":98,"column":21},"end":{"line":101,"column":8}},"44":{"start":{"line":103,"column":30},"end":{"line":107,"column":7}},"45":{"start":{"line":109,"column":6},"end":{"line":109,"column":31}},"46":{"start":{"line":110,"column":6},"end":{"line":110,"column":23}},"47":{"start":{"line":112,"column":6},"end":{"line":112,"column":50}},"48":{"start":{"line":113,"column":6},"end":{"line":113,"column":18}},"49":{"start":{"line":118,"column":4},"end":{"line":120,"column":5}},"50":{"start":{"line":119,"column":6},"end":{"line":119,"column":25}},"51":{"start":{"line":122,"column":4},"end":{"line":138,"column":5}},"52":{"start":{"line":123,"column":26},"end":{"line":126,"column":7}},"53":{"start":{"line":127,"column":28},"end":{"line":127,"column":54}},"54":{"start":{"line":128,"column":21},"end":{"line":131,"column":18}},"55":{"start":{"line":128,"column":91},"end":{"line":131,"column":16}},"56":{"start":{"line":133,"column":6},"end":{"line":133,"column":27}},"57":{"start":{"line":134,"column":6},"end":{"line":134,"column":20}},"58":{"start":{"line":136,"column":6},"end":{"line":136,"column":52}},"59":{"start":{"line":137,"column":6},"end":{"line":137,"column":18}},"60":{"start":{"line":142,"column":18},"end":{"line":142,"column":32}},"61":{"start":{"line":144,"column":4},"end":{"line":147,"column":7}},"62":{"start":{"line":145,"column":23},"end":{"line":145,"column":56}},"63":{"start":{"line":146,"column":6},"end":{"line":146,"column":29}},"64":{"start":{"line":149,"column":4},"end":{"line":155,"column":5}},"65":{"start":{"line":150,"column":6},"end":{"line":150,"column":27}},"66":{"start":{"line":151,"column":6},"end":{"line":151,"column":35}},"67":{"start":{"line":153,"column":6},"end":{"line":153,"column":53}},"68":{"start":{"line":154,"column":6},"end":{"line":154,"column":18}},"69":{"start":{"line":159,"column":4},"end":{"line":164,"column":5}},"70":{"start":{"line":160,"column":6},"end":{"line":160,"column":41}},"71":{"start":{"line":162,"column":6},"end":{"line":162,"column":52}},"72":{"start":{"line":163,"column":6},"end":{"line":163,"column":18}}},"fnMap":{"0":{"name":"(anonymous_0)","decl":{"start":{"line":12,"column":2},"end":{"line":12,"column":3}},"loc":{"start":{"line":12,"column":21},"end":{"line":14,"column":3}},"line":12},"1":{"name":"(anonymous_1)","decl":{"start":{"line":16,"column":2},"end":{"line":16,"column":3}},"loc":{"start":{"line":16,"column":32},"end":{"line":19,"column":3}},"line":16},"2":{"name":"(anonymous_2)","decl":{"start":{"line":21,"column":2},"end":{"line":21,"column":3}},"loc":{"start":{"line":21,"column":17},"end":{"line":23,"column":3}},"line":21},"3":{"name":"(anonymous_3)","decl":{"start":{"line":25,"column":2},"end":{"line":25,"column":3}},"loc":{"start":{"line":25,"column":31},"end":{"line":28,"column":3}},"line":25},"4":{"name":"(anonymous_4)","decl":{"start":{"line":30,"column":2},"end":{"line":30,"column":3}},"loc":{"start":{"line":30,"column":37},"end":{"line":33,"column":3}},"line":30},"5":{"name":"(anonymous_5)","decl":{"start":{"line":31,"column":37},"end":{"line":31,"column":38}},"loc":{"start":{"line":31,"column":42},"end":{"line":31,"column":58}},"line":31},"6":{"name":"(anonymous_6)","decl":{"start":{"line":35,"column":2},"end":{"line":35,"column":3}},"loc":{"start":{"line":35,"column":41},"end":{"line":38,"column":3}},"line":35},"7":{"name":"(anonymous_7)","decl":{"start":{"line":36,"column":37},"end":{"line":36,"column":38}},"loc":{"start":{"line":36,"column":42},"end":{"line":36,"column":66}},"line":36},"8":{"name":"(anonymous_8)","decl":{"start":{"line":44,"column":37},"end":{"line":44,"column":38}},"loc":{"start":{"line":44,"column":64},"end":{"line":50,"column":1}},"line":44},"9":{"name":"(anonymous_9)","decl":{"start":{"line":53,"column":2},"end":{"line":53,"column":3}},"loc":{"start":{"line":53,"column":28},"end":{"line":60,"column":3}},"line":53},"10":{"name":"(anonymous_10)","decl":{"start":{"line":62,"column":2},"end":{"line":62,"column":3}},"loc":{"start":{"line":62,"column":27},"end":{"line":69,"column":3}},"line":62},"11":{"name":"(anonymous_11)","decl":{"start":{"line":71,"column":2},"end":{"line":71,"column":3}},"loc":{"start":{"line":71,"column":90},"end":{"line":95,"column":3}},"line":71},"12":{"name":"(anonymous_12)","decl":{"start":{"line":77,"column":69},"end":{"line":77,"column":70}},"loc":{"start":{"line":77,"column":83},"end":{"line":92,"column":5}},"line":77},"13":{"name":"(anonymous_13)","decl":{"start":{"line":85,"column":39},"end":{"line":85,"column":40}},"loc":{"start":{"line":85,"column":86},"end":{"line":88,"column":16}},"line":85},"14":{"name":"(anonymous_14)","decl":{"start":{"line":92,"column":7},"end":{"line":92,"column":8}},"loc":{"start":{"line":92,"column":18},"end":{"line":94,"column":5}},"line":92},"15":{"name":"(anonymous_15)","decl":{"start":{"line":96,"column":2},"end":{"line":96,"column":3}},"loc":{"start":{"line":96,"column":70},"end":{"line":115,"column":3}},"line":96},"16":{"name":"(anonymous_16)","decl":{"start":{"line":117,"column":2},"end":{"line":117,"column":3}},"loc":{"start":{"line":117,"column":38},"end":{"line":139,"column":3}},"line":117},"17":{"name":"(anonymous_17)","decl":{"start":{"line":128,"column":44},"end":{"line":128,"column":45}},"loc":{"start":{"line":128,"column":91},"end":{"line":131,"column":16}},"line":128},"18":{"name":"(anonymous_18)","decl":{"start":{"line":141,"column":2},"end":{"line":141,"column":3}},"loc":{"start":{"line":141,"column":56},"end":{"line":156,"column":3}},"line":141},"19":{"name":"(anonymous_19)","decl":{"start":{"line":144,"column":21},"end":{"line":144,"column":22}},"loc":{"start":{"line":144,"column":32},"end":{"line":147,"column":5}},"line":144},"20":{"name":"(anonymous_20)","decl":{"start":{"line":158,"column":2},"end":{"line":158,"column":3}},"loc":{"start":{"line":158,"column":52},"end":{"line":165,"column":3}},"line":158}},"branchMap":{"0":{"loc":{"start":{"line":45,"column":2},"end":{"line":49,"column":3}},"type":"if","locations":[{"start":{"line":45,"column":2},"end":{"line":49,"column":3}},{"start":{"line":47,"column":9},"end":{"line":49,"column":3}}],"line":45},"1":{"loc":{"start":{"line":47,"column":9},"end":{"line":49,"column":3}},"type":"if","locations":[{"start":{"line":47,"column":9},"end":{"line":49,"column":3}},{"start":{},"end":{}}],"line":47},"2":{"loc":{"start":{"line":80,"column":6},"end":{"line":83,"column":7}},"type":"if","locations":[{"start":{"line":80,"column":6},"end":{"line":83,"column":7}},{"start":{},"end":{}}],"line":80},"3":{"loc":{"start":{"line":80,"column":10},"end":{"line":80,"column":38}},"type":"binary-expr","locations":[{"start":{"line":80,"column":10},"end":{"line":80,"column":19}},{"start":{"line":80,"column":23},"end":{"line":80,"column":38}}],"line":80},"4":{"loc":{"start":{"line":118,"column":4},"end":{"line":120,"column":5}},"type":"if","locations":[{"start":{"line":118,"column":4},"end":{"line":120,"column":5}},{"start":{},"end":{}}],"line":118}},"s":{"0":0,"1":0,"2":0,"3":0,"4":0,"5":0,"6":0,"7":0,"8":0,"9":0,"10":0,"11":0,"12":0,"13":0,"14":0,"15":0,"16":0,"17":0,"18":0,"19":0,"20":0,"21":0,"22":0,"23":0,"24":0,"25":0,"26":0,"27":0,"28":0,"29":0,"30":0,"31":0,"32":0,"33":0,"34":0,"35":0,"36":0,"37":0,"38":0,"39":0,"40":0,"41":0,"42":0,"43":0,"44":0,"45":0,"46":0,"47":0,"48":0,"49":0,"50":0,"51":0,"52":0,"53":0,"54":0,"55":0,"56":0,"57":0,"58":0,"59":0,"60":0,"61":0,"62":0,"63":0,"64":0,"65":0,"66":0,"67":0,"68":0,"69":0,"70":0,"71":0,"72":0},"f":{"0":0,"1":0,"2":0,"3":0,"4":0,"5":0,"6":0,"7":0,"8":0,"9":0,"10":0,"11":0,"12":0,"13":0,"14":0,"15":0,"16":0,"17":0,"18":0,"19":0,"20":0},"b":{"0":[0,0],"1":[0,0],"2":[0,0],"3":[0,0],"4":[0,0]}}
,"/Users/luizschons/Documents/utfpr/pdm-2/ping-push/src/types/index.ts": {"path":"/Users/luizschons/Documents/utfpr/pdm-2/ping-push/src/types/index.ts","statementMap":{},"fnMap":{},"branchMap":{},"s":{},"f":{},"b":{}}
}
